<?xml version="1.0" encoding="utf-8"?><testsuites name="pytest tests"><testsuite name="pytest" errors="0" failures="0" skipped="0" tests="9" time="0.868" timestamp="2026-05-22T04:01:07.439195+00:00" hostname="agent-env-1b115e8a-b516-47c2-bfd6-7e86bc65409b"><testcase classname="backend.tests.test_hawknetic_api.TestHealth" name="test_health_ok" time="0.249" /><testcase classname="backend.tests.test_hawknetic_api.TestGames" name="test_games_returns_seven" time="0.070" /><testcase classname="backend.tests.test_hawknetic_api.TestGames" name="test_games_have_team_names" time="0.066" /><testcase classname="backend.tests.test_hawknetic_api.TestProps" name="test_props_returns_twenty_five" time="0.076" /><testcase classname="backend.tests.test_hawknetic_api.TestProps" name="test_props_have_market_and_line" time="0.071" /><testcase classname="backend.tests.test_hawknetic_api.TestOdds" name="test_odds_returns_eight" time="0.069" /><testcase classname="backend.tests.test_hawknetic_api.TestOdds" name="test_odds_have_required_fields" time="0.068" /><testcase classname="backend.tests.test_hawknetic_api.TestSlipAnalyze" name="test_analyze_returns_verdict_structure" time="0.073" /><testcase classname="backend.tests.test_hawknetic_api.TestSlipAnalyze" name="test_analyze_validates_payload" time="0.066" /></testsuite></testsuites>