<?xml version="1.0" encoding="utf-8"?><testsuites name="pytest tests"><testsuite name="pytest" errors="0" failures="1" skipped="0" tests="14" time="1.457" timestamp="2026-05-22T04:38:20.489756+00:00" hostname="agent-env-1b115e8a-b516-47c2-bfd6-7e86bc65409b"><testcase classname="backend.tests.test_hawknetic_v2.TestSchemaV2" name="test_v2_tables_exist" time="0.001" /><testcase classname="backend.tests.test_hawknetic_v2.TestLiveReadiness" name="test_readiness_shape" time="0.320" /><testcase classname="backend.tests.test_hawknetic_v2.TestGamesToday" name="test_today_returns_items" time="0.050" /><testcase classname="backend.tests.test_hawknetic_v2.TestGameMarkets" name="test_markets_shape" time="0.044" /><testcase classname="backend.tests.test_hawknetic_v2.TestLiveSync" name="test_sync_odds_and_snapshot" time="0.149" /><testcase classname="backend.tests.test_hawknetic_v2.TestLiveSync" name="test_sync_player_status" time="0.054" /><testcase classname="backend.tests.test_hawknetic_v2.TestSlipsAnalyzeV2" name="test_simulation_runs_at_least_1000" time="0.084" /><testcase classname="backend.tests.test_hawknetic_v2.TestSlipsAnalyzeV2" name="test_per_leg_v2_fields_present" time="0.085" /><testcase classname="backend.tests.test_hawknetic_v2.TestSlipsAnalyzeV2" name="test_slip_level_v2_fields_present" time="0.091" /><testcase classname="backend.tests.test_hawknetic_v2.TestSlipsAnalyzeV2" name="test_edge_uses_no_vig_probability" time="0.082" /><testcase classname="backend.tests.test_hawknetic_v2.TestSlipsAnalyzeV2" name="test_parlay_probability_is_simulation_based" time="0.089"><failure message="AssertionError: parlayProbability=0.2518 suspiciously equals naive product 0.25330305&#10;assert 0.0015030499999999503 &gt; 0.005&#10; +  where 0.0015030499999999503 = abs((0.2518 - 0.25330305))">backend/tests/test_hawknetic_v2.py:346: in test_parlay_probability_is_simulation_based
    assert abs(d["parlayProbability"] - naive) &gt; 0.005, (
E   AssertionError: parlayProbability=0.2518 suspiciously equals naive product 0.25330305
E   assert 0.0015030499999999503 &gt; 0.005
E    +  where 0.0015030499999999503 = abs((0.2518 - 0.25330305))</failure></testcase><testcase classname="backend.tests.test_hawknetic_v2.TestSlipsAnalyzeV2" name="test_trap_flag_detection" time="0.083" /><testcase classname="backend.tests.test_hawknetic_v2.TestSlipsAnalyzeV2" name="test_inactive_player_zeros_parlay" time="0.131" /><testcase classname="backend.tests.test_hawknetic_v2.TestSlipsAnalyzeV2" name="test_predictions_outcomes_populated" time="0.083" /></testsuite></testsuites>